Loaded 6012 annotated pneumonia cases.
No saved model found — training from scratch.
Epoch 1/30, Loss: 2.9145
Saved improved model.
Epoch 2/30, Loss: 0.7786
Saved improved model.
Epoch 3/30, Loss: 0.7376
Saved improved model.
Epoch 4/30, Loss: 0.7152
Saved improved model.
Epoch 5/30, Loss: 0.6971
Saved improved model.
Epoch 6/30, Loss: 0.6284
Saved improved model.
Epoch 7/30, Loss: 0.5700
Saved improved model.
Epoch 8/30, Loss: 0.4919
Saved improved model.
Epoch 9/30, Loss: 0.4152
Saved improved model.
Epoch 10/30, Loss: 0.3534
Saved improved model.
Epoch 11/30, Loss: 0.2572
Saved improved model.
Epoch 12/30, Loss: 0.1960
Saved improved model.
Epoch 13/30, Loss: 0.1753
Saved improved model.
Epoch 14/30, Loss: 0.1586
Saved improved model.
Epoch 15/30, Loss: 0.1466
Saved improved model.
Epoch 16/30, Loss: 0.1204
Saved improved model.
Epoch 17/30, Loss: 0.0858
Saved improved model.
Epoch 18/30, Loss: 0.0797
Saved improved model.
Epoch 19/30, Loss: 0.0799
No improvement. Patience: 1/5
Epoch 20/30, Loss: 0.0764
Saved improved model.
Epoch 21/30, Loss: 0.0664
Saved improved model.
Epoch 22/30, Loss: 0.0464
Saved improved model.
Epoch 23/30, Loss: 0.0446
Saved improved model.
Epoch 24/30, Loss: 0.0456
No improvement. Patience: 1/5
Epoch 25/30, Loss: 0.0436
Saved improved model.
Epoch 26/30, Loss: 0.0399
Saved improved model.
Epoch 27/30, Loss: 0.0294
Saved improved model.
Epoch 28/30, Loss: 0.0280
Saved improved model.
Epoch 29/30, Loss: 0.0292
No improvement. Patience: 1/5
Epoch 30/30, Loss: 0.0284
No improvement. Patience: 2/5
Model ready for evaluation or inference.
Job finished on Sun May  4 01:39:26 MDT 2025
